<?xml version="1.0" encoding="UTF-8"?>
<testsuite xmlns:xsi="http://www.w3.org/2001/XMLSchema-instance" xsi:noNamespaceSchemaLocation="https://maven.apache.org/surefire/maven-surefire-plugin/xsd/surefire-test-report.xsd" name="com.momo.billpayment.service.BillingTest" time="0.017" tests="5" errors="5" skipped="0" failures="0">
  <properties>
[...]
</properties>
  <testcase name="fillAvailableSlotWhenSlotIsAvailable" classname="com.momo.billpayment.service.BillingTest" time="0.005">
    <error message="Uncompilable source code - Erroneous ctor sym type: com.momo.billpayment.service.Billing.&lt;init&gt;" type="java.lang.RuntimeException"><![CDATA[java.lang.RuntimeException: Uncompilable source code - Erroneous ctor sym type: com.momo.billpayment.service.Billing.<init>
	at com.momo.billpayment.service.BillingTest.fillAvailableSlotWhenSlotIsAvailable(BillingTest.java:13)
]]></error>
  </testcase>
  <testcase name="fillAvailableSlotWhenNoSlotIsAvailable" classname="com.momo.billpayment.service.BillingTest" time="0">
    <error message="Uncompilable source code - Erroneous ctor sym type: com.momo.billpayment.service.Billing.&lt;init&gt;" type="java.lang.RuntimeException"><![CDATA[java.lang.RuntimeException: Uncompilable source code - Erroneous ctor sym type: com.momo.billpayment.service.Billing.<init>
	at com.momo.billpayment.service.BillingTest.fillAvailableSlotWhenNoSlotIsAvailable(BillingTest.java:24)
]]></error>
  </testcase>
  <testcase name="emptySlotWithValidSlotNumber" classname="com.momo.billpayment.service.BillingTest" time="0">
    <error message="Uncompilable source code - Erroneous ctor sym type: com.momo.billpayment.service.Billing.&lt;init&gt;" type="java.lang.RuntimeException"><![CDATA[java.lang.RuntimeException: Uncompilable source code - Erroneous ctor sym type: com.momo.billpayment.service.Billing.<init>
	at com.momo.billpayment.service.BillingTest.emptySlotWithValidSlotNumber(BillingTest.java:40)
]]></error>
  </testcase>
  <testcase name="emptySlotWithInvalidSlotNumber" classname="com.momo.billpayment.service.BillingTest" time="0">
    <error message="Uncompilable source code - Erroneous ctor sym type: com.momo.billpayment.service.Billing.&lt;init&gt;" type="java.lang.RuntimeException"><![CDATA[java.lang.RuntimeException: Uncompilable source code - Erroneous ctor sym type: com.momo.billpayment.service.Billing.<init>
	at com.momo.billpayment.service.BillingTest.emptySlotWithInvalidSlotNumber(BillingTest.java:62)
]]></error>
  </testcase>
  <testcase name="emptySlotWhichIsAlreadyEmpty" classname="com.momo.billpayment.service.BillingTest" time="0.001">
    <error message="Uncompilable source code - Erroneous ctor sym type: com.momo.billpayment.service.Billing.&lt;init&gt;" type="java.lang.RuntimeException"><![CDATA[java.lang.RuntimeException: Uncompilable source code - Erroneous ctor sym type: com.momo.billpayment.service.Billing.<init>
	at com.momo.billpayment.service.BillingTest.emptySlotWhichIsAlreadyEmpty(BillingTest.java:81)
]]></error>
  </testcase>
</testsuite>